{"contracts/FileRegistry.sol":{"l":{"47":4308,"48":22,"50":4286,"51":2,"53":4284,"54":4,"58":4280,"59":11,"63":4269,"71":4269,"72":4269,"73":3,"75":4266,"77":4266,"87":69,"88":3,"91":66,"102":5,"103":0,"107":5,"108":3,"109":3,"112":2,"113":2,"128":33,"129":1,"131":32,"132":32,"142":21,"143":1,"145":20,"154":123,"163":1016},"path":"/Users/thor/Projects/DecentraFile/contracts/FileRegistry.sol","s":{"1":4308,"2":4286,"3":4284,"4":4280,"5":4269,"6":4269,"7":4266,"8":4266,"9":69,"10":66,"11":5,"12":5,"13":3,"14":2,"15":2,"16":33,"17":32,"18":32,"19":21,"20":1,"21":20,"22":123,"23":1016},"b":{"1":[22,4286],"2":[2,4284],"3":[4,4280],"4":[11,4269],"5":[3,4266],"6":[3,66],"7":[0,5],"8":[3,2],"9":[1,32],"10":[1,20]},"f":{"1":4308,"2":69,"3":5,"4":33,"5":21,"6":123,"7":1016},"fnMap":{"1":{"name":"uploadFile","line":45,"loc":{"start":{"line":45,"column":4},"end":{"line":78,"column":4}}},"2":{"name":"downloadFile","line":86,"loc":{"start":{"line":86,"column":4},"end":{"line":92,"column":4}}},"3":{"name":"retrieveFile","line":101,"loc":{"start":{"line":101,"column":4},"end":{"line":114,"column":4}}},"4":{"name":"getFileMetadata","line":123,"loc":{"start":{"line":123,"column":4},"end":{"line":133,"column":4}}},"5":{"name":"getUserFiles","line":141,"loc":{"start":{"line":141,"column":4},"end":{"line":146,"column":4}}},"6":{"name":"fileExists","line":153,"loc":{"start":{"line":153,"column":4},"end":{"line":155,"column":4}}},"7":{"name":"getUserFileCount","line":162,"loc":{"start":{"line":162,"column":4},"end":{"line":164,"column":4}}}},"statementMap":{"1":{"start":{"line":47,"column":8},"end":{"line":47,"column":1826}},"2":{"start":{"line":50,"column":8},"end":{"line":50,"column":1912}},"3":{"start":{"line":53,"column":8},"end":{"line":53,"column":2004}},"4":{"start":{"line":58,"column":8},"end":{"line":58,"column":2209}},"5":{"start":{"line":71,"column":8},"end":{"line":71,"column":63}},"6":{"start":{"line":72,"column":8},"end":{"line":72,"column":2684}},"7":{"start":{"line":75,"column":8},"end":{"line":75,"column":43}},"8":{"start":{"line":77,"column":8},"end":{"line":77,"column":64}},"9":{"start":{"line":87,"column":8},"end":{"line":87,"column":3287}},"10":{"start":{"line":91,"column":8},"end":{"line":91,"column":43}},"11":{"start":{"line":102,"column":8},"end":{"line":102,"column":3868}},"12":{"start":{"line":107,"column":8},"end":{"line":107,"column":4056}},"13":{"start":{"line":108,"column":12},"end":{"line":108,"column":55}},"14":{"start":{"line":112,"column":8},"end":{"line":112,"column":49}},"15":{"start":{"line":113,"column":8},"end":{"line":113,"column":43}},"16":{"start":{"line":128,"column":8},"end":{"line":128,"column":4700}},"17":{"start":{"line":131,"column":8},"end":{"line":131,"column":50}},"18":{"start":{"line":132,"column":8},"end":{"line":132,"column":58}},"19":{"start":{"line":142,"column":8},"end":{"line":142,"column":5220}},"20":{"start":{"line":143,"column":12},"end":{"line":143,"column":35}},"21":{"start":{"line":145,"column":8},"end":{"line":145,"column":30}},"22":{"start":{"line":154,"column":8},"end":{"line":154,"column":50}},"23":{"start":{"line":163,"column":8},"end":{"line":163,"column":37}}},"branchMap":{"1":{"line":47,"type":"if","locations":[{"start":{"line":47,"column":8},"end":{"line":47,"column":8}},{"start":{"line":47,"column":8},"end":{"line":47,"column":8}}]},"2":{"line":50,"type":"if","locations":[{"start":{"line":50,"column":8},"end":{"line":50,"column":8}},{"start":{"line":50,"column":8},"end":{"line":50,"column":8}}]},"3":{"line":53,"type":"if","locations":[{"start":{"line":53,"column":8},"end":{"line":53,"column":8}},{"start":{"line":53,"column":8},"end":{"line":53,"column":8}}]},"4":{"line":58,"type":"if","locations":[{"start":{"line":58,"column":8},"end":{"line":58,"column":8}},{"start":{"line":58,"column":8},"end":{"line":58,"column":8}}]},"5":{"line":72,"type":"if","locations":[{"start":{"line":72,"column":8},"end":{"line":72,"column":8}},{"start":{"line":72,"column":8},"end":{"line":72,"column":8}}]},"6":{"line":87,"type":"if","locations":[{"start":{"line":87,"column":8},"end":{"line":87,"column":8}},{"start":{"line":87,"column":8},"end":{"line":87,"column":8}}]},"7":{"line":102,"type":"if","locations":[{"start":{"line":102,"column":8},"end":{"line":102,"column":8}},{"start":{"line":102,"column":8},"end":{"line":102,"column":8}}]},"8":{"line":107,"type":"if","locations":[{"start":{"line":107,"column":8},"end":{"line":107,"column":8}},{"start":{"line":107,"column":8},"end":{"line":107,"column":8}}]},"9":{"line":128,"type":"if","locations":[{"start":{"line":128,"column":8},"end":{"line":128,"column":8}},{"start":{"line":128,"column":8},"end":{"line":128,"column":8}}]},"10":{"line":142,"type":"if","locations":[{"start":{"line":142,"column":8},"end":{"line":142,"column":8}},{"start":{"line":142,"column":8},"end":{"line":142,"column":8}}]}}}}